2022-11-20 20:54:23.878903500 INVENTORY LISTED
2022-11-20 20:54:55.656287 FEED MONEY $10.00 $10.00
2022-11-20 20:55:47.756489800 Potato Crisps A1 3.05 6.95
2022-11-20 20:55:51.883528500 GIVE CHANGE $6.95
2022-11-20 20:58:19.986609900 INVENTORY LISTED
2022-11-20 20:58:27.950758600 FEED MONEY $10.00 $10.00
2022-11-20 20:58:31.970843600 Potato Crisps A1 3.05 6.95
2022-11-20 21:03:02.405407300 GIVE CHANGE $6.95
2022-11-20 21:04:28.915506100 INVENTORY LISTED
2022-11-20 21:05:31.914968200 INVENTORY LISTED
2022-11-20 21:05:41.436558900 FEED MONEY $1.00 $1.00
2022-11-20 21:08:02.434433300 FEED MONEY $10 $10
2022-11-20 21:10:00.097143800 FEED MONEY $10 $10
2022-11-20 21:25:43.134456200 FEED MONEY $2 $2
2022-11-20 21:26:40.340732800 GIVE CHANGE $2
2022-11-20 21:29:51.716433400 INVENTORY LISTED
2022-11-20 21:30:05.507550200 FEED MONEY $10 $10
2022-11-20 21:30:23.608161200 Cloud Popcorn A4 3.65 6.35
2022-11-20 21:30:26.041031500 Cloud Popcorn A4 3.65 2.70
2022-11-20 21:30:33.242399100 GIVE CHANGE $2.70
