2022-11-18 12:25:49.082691800 INVENTORY LISTED
2022-11-18 12:26:03.996280300 FEED MONEY $50.00 $50.00
2022-11-18 12:26:30.095764100 Wonka Bar B3 1.5 48.50
2022-11-18 12:26:40.563949500 Wonka Bar B3 1.5 47.00
2022-11-18 12:26:43.626306900 Wonka Bar B3 1.5 45.50
2022-11-18 12:26:53.513778500 Wonka Bar B3 1.5 44.00
2022-11-18 12:27:13.118453200 Wonka Bar B3 1.5 42.50
2022-11-18 12:27:28.917879600 GIVE CHANGE $42.50
2022-11-18 12:27:42.024491200 INVENTORY LISTED
2022-11-18 13:31:31.511540200 INVENTORY LISTED
2022-11-18 13:31:36.816635600 FEED MONEY $10.00 $10.00
2022-11-18 13:31:40.576492 Potato Crisps A1 3.05 6.95
2022-11-18 13:31:47.766652100 GIVE CHANGE $6.95
2022-11-18 13:31:55.064286100 INVENTORY LISTED
2022-11-18 13:31:59.808927600 GIVE CHANGE $0
2022-11-18 14:02:17.793372900 FEED MONEY $10.00 $10.00
2022-11-18 14:02:21.753594600 Potato Crisps A1 3.05 6.95
2022-11-18 14:02:23.959700900 GIVE CHANGE $6.95
2022-11-18 14:04:19.635001900 FEED MONEY $10 $10
2022-11-18 14:04:24.611432600 Potato Crisps A1 3.05 6.95
2022-11-18 14:04:28.774457400 Stackers A2 1.45 5.50
2022-11-18 14:04:32.125136400 Grain Waves A3 2.75 2.75
2022-11-18 14:04:34.032397300 GIVE CHANGE $2.75
2022-11-18 14:06:40.195720300 FEED MONEY $10.00 $10.00
2022-11-18 14:06:45.045813200 Potato Crisps A1 3.05 6.95
2022-11-18 14:06:53.947629200 FEED MONEY $0.10 $7.05
2022-11-18 14:06:57.171686200 Potato Crisps A1 3.05 4.00
2022-11-18 14:06:58.273452 GIVE CHANGE $4.00
2022-11-18 14:19:15.226720100 FEED MONEY $10.00 $10.00
2022-11-18 14:19:17.895346400 Potato Crisps A1 3.05 6.95
2022-11-18 14:19:20.630052200 Moonpie B1 1.8 5.15
2022-11-18 14:19:22.242821900 GIVE CHANGE $5.15
2022-11-18 14:24:11.245538900 INVENTORY LISTED
2022-11-18 14:24:18.097213100 FEED MONEY $50.00 $50.00
2022-11-18 14:24:20.559683800 Potato Crisps A1 3.05 46.95
2022-11-18 14:24:22.915031900 Stackers A2 1.45 45.50
2022-11-18 14:24:25.192993200 Cloud Popcorn A4 3.65 41.85
2022-11-18 14:24:32.966783900 Moonpie B1 1.8 40.05
2022-11-18 14:24:35.443142500 Crunchie B4 1.75 38.30
2022-11-18 14:24:37.392484900 GIVE CHANGE $38.30
2022-11-18 16:04:43.134780400 INVENTORY LISTED
2022-11-18 16:04:49.464174 FEED MONEY $10.00 $10.00
2022-11-18 16:04:55.465065500 Potato Crisps A1 3.05 6.95
2022-11-18 16:04:57.569103700 Grain Waves A3 2.75 4.20
2022-11-18 16:04:59.860030800 GIVE CHANGE $4.20
2022-11-18 16:06:03.684338900 FEED MONEY $10.00 $10.00
2022-11-18 16:06:19.236748700 FEED MONEY $10.00 $20.00
2022-11-18 16:06:21.087337300 GIVE CHANGE $20.00
2022-11-18 16:10:57.448228100 FEED MONEY $10.00 $10.00
2022-11-18 16:11:00.303476400 Potato Crisps A1 3.05 6.95
2022-11-18 16:11:01.037110800 GIVE CHANGE $6.95
