2022-12-10 18:22:04.434549700 INVENTORY LISTED
2022-12-10 18:22:12.921299400 FEED MONEY $100.65 $100.65
2022-12-10 18:22:28.449848100 FEED MONEY $1.60 $102.25
2022-12-10 18:22:33.058361200 Potato Crisps A1 3.05 99.20
2022-12-10 18:22:35.648668 Potato Crisps A1 3.05 96.15
2022-12-10 18:22:37.399120700 Potato Crisps A1 3.05 93.10
2022-12-10 18:22:39.179565900 Potato Crisps A1 3.05 90.05
2022-12-10 18:22:40.876750500 Potato Crisps A1 3.05 87.00
2022-12-10 18:22:47.515491200 Stackers A2 1.45 85.55
2022-12-10 18:22:53.998027400 GIVE CHANGE $85.55
2022-12-10 18:23:03.719115 INVENTORY LISTED
2022-12-10 18:23:29.682073900 INVENTORY LISTED
2022-12-10 18:24:48.080436 FEED MONEY $10 $10
2022-12-10 18:24:49.672330700 Potato Crisps A1 3.05 6.95
2022-12-10 18:24:52.051118200 Potato Crisps A1 3.05 3.90
2022-12-10 18:24:52.944279600 GIVE CHANGE $3.90
2022-12-10 18:31:35.681926700 INVENTORY LISTED
2022-12-10 18:31:42.692750700 FEED MONEY $10.00 $10.00
2022-12-10 18:31:49.581713 FEED MONEY $0 $10.00
2022-12-10 18:35:37.893366100 FEED MONEY $100.00 $100.00
2022-12-10 18:35:40.333616500 Potato Crisps A1 3.05 96.95
2022-12-10 18:35:43.796942900 Potato Crisps A1 3.05 93.90
2022-12-10 18:37:01.253702600 FEED MONEY $100.00 $100.00
2022-12-10 18:37:10.311661200 Potato Crisps A1 3.05 96.95
2022-12-10 18:37:11.197073600 Potato Crisps A1 3.05 93.90
2022-12-10 18:37:11.912879 Potato Crisps A1 3.05 90.85
2022-12-10 18:37:13.113255800 Potato Crisps A1 3.05 87.80
2022-12-10 18:37:13.772273300 Potato Crisps A1 3.05 84.75
2022-12-10 18:37:22.352036500 GIVE CHANGE $84.75
2022-12-10 18:39:35.821784700 INVENTORY LISTED
2022-12-10 18:39:42.373391700 GIVE CHANGE $0
